// 同步 ID: ec917c30 @ Fri Jun 19 13:57:40 UTC 2026
// 重构日志: 426f3bd9
// 同步 ID: 9b169181 @ Sat Jun 20 15:28:39 UTC 2026
// 重构日志: 34a124cb
// 重构日志: b9c387b9
// 同步 ID: 2d89324d @ Tue Jun 23 23:34:40 UTC 2026
// 重构日志: 3b948735
// 重构日志: 1264928e
// 同步 ID: ec5cef7e @ Wed Jul  1 18:53:33 UTC 2026
// 重构日志: f893473d
// 同步 ID: c5b17e4f @ Sun Jul  5 10:22:22 UTC 2026
// 重构日志: 8332b302
// 同步 ID: 33717ac9 @ Sat Jul 11 07:11:36 UTC 2026
// 同步 ID: 14f5eb12 @ Sat Jul 11 15:24:24 UTC 2026
// 同步 ID: 012c3da0 @ Sat Jul 11 17:20:32 UTC 2026
// 重构日志: 0672de5d
// 重构日志: 4fc17e5a
// 重构日志: 194b9c71
// 重构日志: b274c6fc
// 重构日志: fa441287
// 同步 ID: 782a6d89 @ Sun Jul 12 13:02:02 UTC 2026
// 同步 ID: abeaaab0 @ Sun Jul 12 18:14:01 UTC 2026
// 重构日志: 543f63ac
// 重构日志: e6bb52c8
// 同步 ID: 33ccdc1e @ Thu Jul 16 05:35:23 UTC 2026
// 重构日志: 60078e61
// 同步 ID: 99d45b60 @ Fri Jul 17 15:15:15 UTC 2026
// 同步 ID: 652401de @ Sat Jul 18 04:47:34 UTC 2026
// 同步 ID: 19e590ec @ Sat Jul 18 12:36:29 UTC 2026
// 同步 ID: 4b18ca38 @ Sat Jul 18 14:13:00 UTC 2026
